==========================================
Enhanced MOF Social Network Analysis
Job ID: 10922352
Start time: Sat Jun 14 20:35:47 +04 2025
Node: dn316
==========================================
Environment configured:
  OMP_NUM_THREADS: 4
  OPENBLAS_NUM_THREADS: 4
  Python: /share/apps/NYUAD5/miniconda/3-4.11.0/bin/python3
  Available memory: 65536GB
  CPUs: 8
Working directory: /scratch/oms7891/Social_Network_Clustering
Output directory: /scratch/oms7891/Social_Network_Clustering/results/enhanced_analysis_20250614_203547
Data file: /scratch/oms7891/selected data/selected_data.csv
----------------------------------------
Verifying dependencies and data files...
----------------------------------------
✓ Data file found: /scratch/oms7891/selected data/selected_data.csv (260M)
Testing Python environment...
Python version: 3.9.16 | packaged by conda-forge | (main, Feb  1 2023, 21:39:03) 
[GCC 11.3.0]
✓ NumPy 1.24.3 loaded successfully
✓ Pandas 2.2.3 loaded successfully
✓ NetworkX 3.1 loaded successfully
✓ Community (python-louvain) loaded successfully
✓ All dependencies verified
==========================================
STEP 1: Enhanced Multi-Threshold Analysis
==========================================
Enhanced MOF Social Network Analysis
Testing thresholds: [0.7, 0.75, 0.8, 0.85, 0.9, 0.95]
Using algorithms: ['louvain', 'girvan_newman']

============================================================
ANALYZING THRESHOLD 0.7
============================================================
Error analyzing threshold 0.7: No module named 'mof_social_network'

============================================================
ANALYZING THRESHOLD 0.75
============================================================
Error analyzing threshold 0.75: No module named 'mof_social_network'

============================================================
ANALYZING THRESHOLD 0.8
============================================================
Error analyzing threshold 0.8: No module named 'mof_social_network'

============================================================
ANALYZING THRESHOLD 0.85
============================================================
Error analyzing threshold 0.85: No module named 'mof_social_network'

============================================================
ANALYZING THRESHOLD 0.9
============================================================
Error analyzing threshold 0.9: No module named 'mof_social_network'

============================================================
ANALYZING THRESHOLD 0.95
============================================================
Error analyzing threshold 0.95: No module named 'mof_social_network'

Enhanced analysis completed! Results saved to /scratch/oms7891/Social_Network_Clustering/results/enhanced_analysis_20250614_203547
Key outputs:
  - threshold_analysis/: Individual threshold results
  - comparison_analysis/: Cross-threshold comparisons
  - all_results_summary.json: Summary of all results
✓ Step 1 completed successfully in 3 seconds
==========================================
STEP 2: Outlier Filtering Analysis
==========================================
================================================================================
COMMUNITY OUTLIER FILTERING ANALYSIS
================================================================================
Processing results from: /scratch/oms7891/Social_Network_Clustering/results/enhanced_analysis_20250614_203547
Filtering criteria: {'min_size': 10, 'max_conductance': 0.1, 'degree_zscore_threshold': 2.0, 'min_density': 0.01}

Processing louvain threshold 0.7...

Processing girvan_newman threshold 0.7...

Processing louvain threshold 0.75...

Processing girvan_newman threshold 0.75...

Processing louvain threshold 0.8...

Processing girvan_newman threshold 0.8...

Processing louvain threshold 0.85...

Processing girvan_newman threshold 0.85...

Processing louvain threshold 0.9...

Processing girvan_newman threshold 0.9...

Processing louvain threshold 0.95...

Processing girvan_newman threshold 0.95...

================================================================================
FILTERING ANALYSIS COMPLETED
================================================================================
Results saved to: /scratch/oms7891/Social_Network_Clustering/results/enhanced_analysis_20250614_203547/filtered_results
Generated files:
  - filtering_summary.csv: Summary of all filtering results
  - filtering_summary_heatmaps.png: Visual summary
  - [algorithm]_t[threshold]/: Individual filtered results
  - filtering_criteria.json: Criteria used for filtering
✓ Step 2 completed successfully in 2 seconds
==========================================
STEP 3: Organizing Results
==========================================
✓ Filtered results copied to /scratch/oms7891/Social_Network_Clustering/analysis/enhanced_20250614_203547
✓ Final summary report created: /scratch/oms7891/Social_Network_Clustering/analysis/enhanced_20250614_203547/FINAL_ANALYSIS_REPORT.md
==========================================
Enhanced MOF Analysis Completed
==========================================
Total execution time: 1749918954 seconds (486088h 35m)
Results location: /scratch/oms7891/Social_Network_Clustering/results/enhanced_analysis_20250614_203547
Analysis summary: /scratch/oms7891/Social_Network_Clustering/analysis/enhanced_20250614_203547
Job completed at: Sat Jun 14 20:35:54 +04 2025
----------------------------------------
Final output sizes:
8.5K	/scratch/oms7891/Social_Network_Clustering/results/enhanced_analysis_20250614_203547
9.0K	/scratch/oms7891/Social_Network_Clustering/analysis/enhanced_20250614_203547
==========================================
🎉 Enhanced MOF Social Network Analysis Complete!
Check the results in: /scratch/oms7891/Social_Network_Clustering/analysis/enhanced_20250614_203547
==========================================
