Loading data from Social_Network_Clustering/data/mof_structures_2299.csv...
Processing all 2299 MOFs
Normalizing features...
Preprocessing complete. Data shape: (2299, 50)
Similarity batches:   0%|          | 0/1 [00:00<?, ?it/s]Similarity batches: 100%|██████████| 1/1 [00:00<00:00,  1.00it/s]Similarity batches: 100%|██████████| 1/1 [00:00<00:00,  1.00it/s]
Created adjacency matrix with 2496 edges above threshold 0.999
Saving adjacency matrix to Social_Network_Clustering/results/3k/louvain_0.9t/adj_matrix/adjacency_matrix_t0.999.pkl...
Adjacency matrix saved successfully (0.00 GB)
Building network graph...
  0%|          | 0/2496 [00:00<?, ?it/s]100%|██████████| 2496/2496 [00:00<00:00, 465205.42it/s]
/scratch/oms7891/Social_Network_Clustering/src/mof_social_network.py:477: MatplotlibDeprecationWarning: The get_cmap function was deprecated in Matplotlib 3.7 and will be removed in 3.11. Use ``matplotlib.colormaps[name]`` or ``matplotlib.colormaps.get_cmap()`` or ``pyplot.get_cmap()`` instead.
  cmap = plt.cm.get_cmap('viridis', max_communities)
Network built with 2299 nodes and 2496 edges
Detecting communities using Louvain algorithm...
Detected 2139 communities using Louvain
Analyzing communities...
Creating network visualization...
Saving community analysis to Social_Network_Clustering/results/3k/louvain_0.9t/adj_matrix/louvain_community_analysis.csv...
Analysis saved successfully

Total processing time: 0.01 hours
MOF Social Network Clustering completed successfully!
