Community Network Analysis for MOF Pipeline
Adjacency matrix: Social_Network_Clustering/results/3k/louvain_0.9t/adj_matrix/adjacency_matrix_t0.9.pkl
Data file: Social_Network_Clustering/data/mof_structures_2299.csv
Output directory: /scratch/oms7891/Social_Network_Clustering/results/3k/louvain_0.9t/comm_analysis
Resolution: 1.0
Loading adjacency matrix from Social_Network_Clustering/results/3k/louvain_0.9t/adj_matrix/adjacency_matrix_t0.9.pkl...
Loaded adjacency matrix with 148,447 edges
Loading metadata from Social_Network_Clustering/results/3k/louvain_0.9t/adj_matrix/adjacency_matrix_metadata_t0.9.pkl...
Dataset info: 2,299 nodes, 148,447 edges, threshold=0.9
Building network graph...
Adding edges:   0%|          | 0/148447 [00:00<?, ?it/s]Adding edges:  40%|███▉      | 59083/148447 [00:00<00:00, 590781.26it/s]Adding edges:  83%|████████▎ | 123454/148447 [00:00<00:00, 621879.35it/s]Adding edges: 100%|██████████| 148447/148447 [00:00<00:00, 621248.33it/s]
Network built: 2,299 nodes, 148,447 edges
Detecting communities using enhanced Louvain algorithm...
Detected 39 communities with modularity 0.6290
Community sizes: min=1, max=524, avg=58.9
Building inter-community network...
Processing inter-community edges:   0%|          | 0/148447 [00:00<?, ?it/s]Processing inter-community edges:  71%|███████   | 105497/148447 [00:00<00:00, 1054920.70it/s]Processing inter-community edges: 100%|██████████| 148447/148447 [00:00<00:00, 1002831.24it/s]
Community network: 39 communities, 42 inter-community connections
Analyzing community properties...
Analyzing communities:   0%|          | 0/39 [00:00<?, ?it/s]Analyzing communities:   3%|▎         | 1/39 [00:05<03:21,  5.31s/it]Analyzing communities:   5%|▌         | 2/39 [00:59<20:52, 33.84s/it]Analyzing communities:   8%|▊         | 3/39 [01:04<12:27, 20.76s/it]Analyzing communities:  10%|█         | 4/39 [01:17<10:23, 17.80s/it]Analyzing communities:  13%|█▎        | 5/39 [01:57<14:34, 25.73s/it]Analyzing communities:  18%|█▊        | 7/39 [01:58<06:55, 12.99s/it]Analyzing communities:  21%|██        | 8/39 [02:16<07:26, 14.40s/it]Analyzing communities:  26%|██▌       | 10/39 [02:17<04:03,  8.41s/it]Analyzing communities: 100%|██████████| 39/39 [02:18<00:00,  3.54s/it]
Creating network overview visualization...
Computing layout...
Network overview saved to /scratch/oms7891/Social_Network_Clustering/results/3k/louvain_0.9t/comm_analysis/network_overview.png
Creating community network visualization...
Community network visualization saved to /scratch/oms7891/Social_Network_Clustering/results/3k/louvain_0.9t/comm_analysis/community_network.png
Creating community analysis plots...
Community analysis plots saved to /scratch/oms7891/Social_Network_Clustering/results/3k/louvain_0.9t/comm_analysis
Creating summary report for louvain...
Summary report saved to /scratch/oms7891/Social_Network_Clustering/results/3k/louvain_0.9t/comm_analysis/summary_report.txt

Community analysis completed successfully!
Results saved to: /scratch/oms7891/Social_Network_Clustering/results/3k/louvain_0.9t/comm_analysis
Key outputs:
  - network_overview.png: Network visualization
  - community_network.png: Community network visualization
  - community_assignments.csv: Community assignments
  - summary_report.txt: Analysis summary
