Community Network Analysis for MOF Pipeline
Adjacency matrix: Social_Network_Clustering/results/3k/louvain_0.9t/adj_matrix/adjacency_matrix_t0.9.pkl
Data file: Social_Network_Clustering/data/mof_structures_2299.csv
Output directory: /scratch/oms7891/Social_Network_Clustering/results/3k/louvain_0.9t/comm_analysis
Resolution: 1.0
Loading adjacency matrix from Social_Network_Clustering/results/3k/louvain_0.9t/adj_matrix/adjacency_matrix_t0.9.pkl...
Loaded adjacency matrix with 148,447 edges
Loading metadata from Social_Network_Clustering/results/3k/louvain_0.9t/adj_matrix/adjacency_matrix_metadata_t0.9.pkl...
Dataset info: 2,299 nodes, 148,447 edges, threshold=0.9
Building network graph...
Adding edges:   0%|          | 0/148447 [00:00<?, ?it/s]Adding edges:  40%|███▉      | 58814/148447 [00:00<00:00, 588095.69it/s]Adding edges:  82%|████████▏ | 121206/148447 [00:00<00:00, 609144.58it/s]Adding edges: 100%|██████████| 148447/148447 [00:00<00:00, 608913.63it/s]
Network built: 2,299 nodes, 148,447 edges
Detecting communities using enhanced Louvain algorithm...
Detected 39 communities with modularity 0.6290
Community sizes: min=1, max=524, avg=58.9
Building inter-community network...
Processing inter-community edges:   0%|          | 0/148447 [00:00<?, ?it/s]Processing inter-community edges:  69%|██████▉   | 102617/148447 [00:00<00:00, 1026107.37it/s]Processing inter-community edges: 100%|██████████| 148447/148447 [00:00<00:00, 975667.30it/s] 
Community network: 39 communities, 42 inter-community connections
Analyzing community properties...
Analyzing communities:   0%|          | 0/39 [00:00<?, ?it/s]Analyzing communities:   3%|▎         | 1/39 [00:05<03:20,  5.27s/it]Analyzing communities:   5%|▌         | 2/39 [00:59<20:51, 33.83s/it]Analyzing communities:   8%|▊         | 3/39 [01:04<12:29, 20.81s/it]Analyzing communities:  10%|█         | 4/39 [01:17<10:24, 17.86s/it]Analyzing communities:  13%|█▎        | 5/39 [01:56<14:25, 25.46s/it]Analyzing communities:  18%|█▊        | 7/39 [01:57<06:51, 12.85s/it]Analyzing communities:  21%|██        | 8/39 [02:16<07:22, 14.27s/it]Analyzing communities:  26%|██▌       | 10/39 [02:17<04:01,  8.33s/it]Analyzing communities: 100%|██████████| 39/39 [02:17<00:00,  3.52s/it]
Creating network overview visualization...
Computing layout...
Network overview saved to /scratch/oms7891/Social_Network_Clustering/results/3k/louvain_0.9t/comm_analysis/network_overview.png
Creating community network visualization...
Community network visualization saved to /scratch/oms7891/Social_Network_Clustering/results/3k/louvain_0.9t/comm_analysis/community_network.png
Creating community analysis plots...
Community analysis plots saved to /scratch/oms7891/Social_Network_Clustering/results/3k/louvain_0.9t/comm_analysis
Creating summary report for louvain...
Summary report saved to /scratch/oms7891/Social_Network_Clustering/results/3k/louvain_0.9t/comm_analysis/summary_report.txt

Community analysis completed successfully!
Results saved to: /scratch/oms7891/Social_Network_Clustering/results/3k/louvain_0.9t/comm_analysis
Key outputs:
  - network_overview.png: Network visualization
  - community_network.png: Community network visualization
  - community_assignments.csv: Community assignments
  - summary_report.txt: Analysis summary
