==========================================
Enhanced MOF Social Network Analysis
Job ID: 10922480
Start time: Sat Jun 14 20:43:17 +04 2025
Node: dn298
==========================================
Environment configured:
  OMP_NUM_THREADS: 4
  OPENBLAS_NUM_THREADS: 4
  Python: /share/apps/NYUAD5/miniconda/3-4.11.0/bin/python3
  Available memory: 65536GB
  CPUs: 8
Working directory: /scratch/oms7891/Social_Network_Clustering
Output directory: /scratch/oms7891/Social_Network_Clustering/results/enhanced_analysis_20250614_204317
Data file: /scratch/oms7891/selected data/selected_data.csv
----------------------------------------
Verifying dependencies and data files...
----------------------------------------
✓ Data file found: /scratch/oms7891/selected data/selected_data.csv (260M)
Testing Python environment...
Python version: 3.9.16 | packaged by conda-forge | (main, Feb  1 2023, 21:39:03) 
[GCC 11.3.0]
✓ NumPy 1.24.3 loaded successfully
✓ Pandas 2.2.3 loaded successfully
✓ NetworkX 3.1 loaded successfully
✓ Community (python-louvain) loaded successfully
✓ All dependencies verified
==========================================
STEP 1: Enhanced Multi-Threshold Analysis
==========================================
Enhanced MOF Social Network Analysis
Testing thresholds: [0.7, 0.75, 0.8, 0.85, 0.9, 0.95]
Using algorithms: ['louvain', 'girvan_newman']

============================================================
ANALYZING THRESHOLD 0.7
============================================================
Loading data from /scratch/oms7891/selected data/selected_data.csv...
Processing all 258212 MOFs
Normalizing features...
Preprocessing complete. Data shape: (258212, 104)
Calculating similarity matrix for threshold 0.7...
Using 4 parallel processes
