Activating virtual environment...
Requirement already satisfied: pip in ./venv/lib/python3.9/site-packages (25.1.1)
Installing required packages...
Requirement already satisfied: numpy in ./venv/lib/python3.9/site-packages (2.0.2)
Requirement already satisfied: pandas in ./venv/lib/python3.9/site-packages (2.3.0)
Requirement already satisfied: scikit-learn in ./venv/lib/python3.9/site-packages (1.6.1)
Requirement already satisfied: networkx in ./venv/lib/python3.9/site-packages (3.2.1)
Requirement already satisfied: matplotlib in ./venv/lib/python3.9/site-packages (3.9.4)
Requirement already satisfied: tqdm in ./venv/lib/python3.9/site-packages (4.67.1)
Requirement already satisfied: python-louvain in ./venv/lib/python3.9/site-packages (0.16)
Requirement already satisfied: seaborn in ./venv/lib/python3.9/site-packages (0.13.2)
Requirement already satisfied: python-dateutil>=2.8.2 in ./venv/lib/python3.9/site-packages (from pandas) (2.9.0.post0)
Requirement already satisfied: pytz>=2020.1 in ./venv/lib/python3.9/site-packages (from pandas) (2025.2)
Requirement already satisfied: tzdata>=2022.7 in ./venv/lib/python3.9/site-packages (from pandas) (2025.2)
Requirement already satisfied: scipy>=1.6.0 in ./venv/lib/python3.9/site-packages (from scikit-learn) (1.13.1)
Requirement already satisfied: joblib>=1.2.0 in ./venv/lib/python3.9/site-packages (from scikit-learn) (1.5.1)
Requirement already satisfied: threadpoolctl>=3.1.0 in ./venv/lib/python3.9/site-packages (from scikit-learn) (3.6.0)
Requirement already satisfied: contourpy>=1.0.1 in ./venv/lib/python3.9/site-packages (from matplotlib) (1.3.0)
Requirement already satisfied: cycler>=0.10 in ./venv/lib/python3.9/site-packages (from matplotlib) (0.12.1)
Requirement already satisfied: fonttools>=4.22.0 in ./venv/lib/python3.9/site-packages (from matplotlib) (4.58.4)
Requirement already satisfied: kiwisolver>=1.3.1 in ./venv/lib/python3.9/site-packages (from matplotlib) (1.4.7)
Requirement already satisfied: packaging>=20.0 in ./venv/lib/python3.9/site-packages (from matplotlib) (25.0)
Requirement already satisfied: pillow>=8 in ./venv/lib/python3.9/site-packages (from matplotlib) (11.2.1)
Requirement already satisfied: pyparsing>=2.3.1 in ./venv/lib/python3.9/site-packages (from matplotlib) (3.2.3)
Requirement already satisfied: importlib-resources>=3.2.0 in ./venv/lib/python3.9/site-packages (from matplotlib) (6.5.2)
Requirement already satisfied: zipp>=3.1.0 in ./venv/lib/python3.9/site-packages (from importlib-resources>=3.2.0->matplotlib) (3.23.0)
Requirement already satisfied: six>=1.5 in ./venv/lib/python3.9/site-packages (from python-dateutil>=2.8.2->pandas) (1.17.0)
Starting MOF Louvain test run at Thu Jun 19 15:37:53 +04 2025
Loading data from data/mof_structures_2299.csv...
Processing all 2299 MOFs
Normalizing features...
Preprocessing complete. Data shape: (2299, 50)
Created adjacency matrix with 148447 edges above threshold 0.9
Building network graph...
Network built with 2299 nodes and 148447 edges
Detecting communities using Louvain algorithm...
Detected 38 communities using Louvain
Analyzing communities...
Creating network visualization...
MOF Louvain test completed at Thu Jun 19 15:38:50 +04 2025
